info: Sep-22-2024 21:16:49 	Incoming request: POST /api/v1/users/login
info: Sep-22-2024 21:17:30 	Incoming request: POST /api/v1/payment/verify
info: Sep-22-2024 21:19:00 	Incoming request: GET /api-docs/
info: Sep-22-2024 21:19:00 	Incoming request: GET /api-docs/swagger-ui-bundle.js
info: Sep-22-2024 21:19:00 	Incoming request: GET /api-docs/swagger-ui.css
info: Sep-22-2024 21:19:00 	Incoming request: GET /api-docs/swagger-ui-standalone-preset.js
info: Sep-22-2024 21:19:00 	Incoming request: GET /api-docs/swagger-ui-standalone-preset.js
info: Sep-22-2024 21:19:00 	Incoming request: GET /api-docs/swagger-ui-init.js
info: Sep-22-2024 21:19:00 	Incoming request: GET /api-docs/swagger-ui-bundle.js
info: Sep-22-2024 21:19:00 	Incoming request: GET /api-docs/swagger-ui-init.js


info: Sep-22-2024 21:20:06 	Incoming request: POST /api/v1/users/register
info: Sep-22-2024 21:20:34 	Incoming request: POST /api/v1/users/register
info: Sep-22-2024 21:27:20 	Incoming request: GET /api-docs/
info: Sep-22-2024 21:27:20 	Incoming request: GET /api-docs/swagger-ui.css
info: Sep-22-2024 21:27:20 	Incoming request: GET /api-docs/swagger-ui-bundle.js
info: Sep-22-2024 21:27:20 	Incoming request: GET /api-docs/swagger-ui-standalone-preset.js
info: Sep-22-2024 21:27:20 	Incoming request: GET /api-docs/swagger-ui-init.js
info: Sep-22-2024 21:27:20 	Incoming request: GET /api-docs/swagger-ui-standalone-preset.js
info: Sep-22-2024 21:27:20 	Incoming request: GET /api-docs/swagger-ui-bundle.js
info: Sep-22-2024 21:27:20 	Incoming request: GET /api-docs/swagger-ui-init.js
info: Sep-22-2024 21:27:21 	Incoming request: GET /api-docs/favicon-32x32.png
info: Sep-22-2024 21:27:52 	Incoming request: GET /api-docs/
info: Sep-22-2024 21:27:52 	Incoming request: GET /api-docs/swagger-ui.css
info: Sep-22-2024 21:27:52 	Incoming request: GET /api-docs/swagger-ui-bundle.js
info: Sep-22-2024 21:27:52 	Incoming request: GET /api-docs/swagger-ui-standalone-preset.js
info: Sep-22-2024 21:27:52 	Incoming request: GET /api-docs/swagger-ui-init.js
info: Sep-22-2024 21:27:52 	Incoming request: GET /api-docs/swagger-ui-standalone-preset.js
info: Sep-22-2024 21:27:52 	Incoming request: GET /api-docs/swagger-ui-bundle.js
info: Sep-22-2024 21:27:52 	Incoming request: GET /api-docs/favicon-32x32.png
info: Sep-22-2024 21:27:53 	Incoming request: GET /api-docs/swagger-ui-init.js
info: Sep-22-2024 21:29:17 	Incoming request: GET /api-docs/
info: Sep-22-2024 21:29:17 	Incoming request: GET /api-docs/swagger-ui.css
info: Sep-22-2024 21:29:17 	Incoming request: GET /api-docs/swagger-ui-bundle.js
info: Sep-22-2024 21:29:18 	Incoming request: GET /api-docs/swagger-ui-standalone-preset.js
info: Sep-22-2024 21:29:18 	Incoming request: GET /api-docs/swagger-ui-init.js
info: Sep-22-2024 21:29:18 	Incoming request: GET /api-docs/swagger-ui-standalone-preset.js
info: Sep-22-2024 21:29:18 	Incoming request: GET /api-docs/swagger-ui-bundle.js
info: Sep-22-2024 21:29:18 	Incoming request: GET /api-docs/favicon-32x32.png
info: Sep-22-2024 21:29:18 	Incoming request: GET /api-docs/swagger-ui-init.js
info: Sep-22-2024 21:30:22 	Incoming request: GET /api-docs/
info: Sep-22-2024 21:30:22 	Incoming request: GET /api-docs/swagger-ui.css
info: Sep-22-2024 21:30:22 	Incoming request: GET /api-docs/swagger-ui-bundle.js
info: Sep-22-2024 21:30:22 	Incoming request: GET /api-docs/swagger-ui-standalone-preset.js
info: Sep-22-2024 21:30:22 	Incoming request: GET /api-docs/swagger-ui-init.js
info: Sep-22-2024 21:30:22 	Incoming request: GET /api-docs/swagger-ui-standalone-preset.js
info: Sep-22-2024 21:30:22 	Incoming request: GET /api-docs/swagger-ui-bundle.js
info: Sep-22-2024 21:30:22 	Incoming request: GET /api-docs/favicon-32x32.png
info: Sep-22-2024 21:30:22 	Incoming request: GET /api-docs/swagger-ui-init.js



info: Sep-22-2024 21:31:10 	Incoming request: GET /api-docs/
info: Sep-22-2024 21:31:10 	Incoming request: GET /api-docs/swagger-ui.css
info: Sep-22-2024 21:31:10 	Incoming request: GET /api-docs/swagger-ui-standalone-preset.js
info: Sep-22-2024 21:31:10 	Incoming request: GET /api-docs/swagger-ui-bundle.js
info: Sep-22-2024 21:31:10 	Incoming request: GET /api-docs/swagger-ui-init.js
info: Sep-22-2024 21:31:10 	Incoming request: GET /api-docs/swagger-ui-standalone-preset.js
info: Sep-22-2024 21:31:10 	Incoming request: GET /api-docs/swagger-ui-bundle.js
info: Sep-22-2024 21:31:10 	Incoming request: GET /api-docs/swagger-ui-init.js
info: Sep-22-2024 21:31:10 	Incoming request: GET /api-docs/favicon-32x32.png


info: Sep-22-2024 21:31:27 	Incoming request: GET /api-docs/
info: Sep-22-2024 21:31:27 	Incoming request: GET /api-docs/swagger-ui.css
info: Sep-22-2024 21:31:27 	Incoming request: GET /api-docs/swagger-ui-bundle.js
info: Sep-22-2024 21:31:27 	Incoming request: GET /api-docs/swagger-ui-standalone-preset.js
info: Sep-22-2024 21:31:27 	Incoming request: GET /api-docs/swagger-ui-init.js
info: Sep-22-2024 21:31:27 	Incoming request: GET /api-docs/swagger-ui-standalone-preset.js
info: Sep-22-2024 21:31:27 	Incoming request: GET /api-docs/swagger-ui-init.js
info: Sep-22-2024 21:31:27 	Incoming request: GET /api-docs/swagger-ui-bundle.js
info: Sep-22-2024 21:31:27 	Incoming request: GET /api-docs/favicon-32x32.png
info: Sep-22-2024 21:31:31 	Incoming request: POST /api/v1/orders/createOrder

info: Sep-22-2024 21:31:55 	Incoming request: POST /api/v1/orders/createOder
info: Sep-22-2024 21:32:00 	Incoming request: POST /api/v1/users/login
info: Sep-22-2024 21:32:11 	Incoming request: POST /api/v1/orders/createOder
info: Sep-22-2024 21:32:43 	Incoming request: POST /api/v1/orders/createOrder

info: Sep-22-2024 21:33:29 	Incoming request: POST /api/v1/orders/createOder
info: Sep-22-2024 21:34:13 	Incoming request: POST /api/v1/orders/createOder
info: Sep-22-2024 21:35:49 	Incoming request: POST /api/v1/orders/createOder
info: Sep-22-2024 21:36:06 	Incoming request: POST /api/v1/orders/createOder
info: Sep-22-2024 21:36:11 	Incoming request: POST /api/v1/orders/createOder
info: Sep-22-2024 21:36:20 	Incoming request: POST /api/v1/orders/createOder
info: Sep-22-2024 21:36:26 	Incoming request: POST /api/v1/users/cart
info: Sep-22-2024 21:36:29 	Incoming request: POST /api/v1/users/login
info: Sep-22-2024 21:36:38 	Incoming request: POST /api/v1/users/cart
info: Sep-22-2024 21:36:49 	Incoming request: POST /api/v1/orders/createOder
